<?xml version="1.0" encoding="UTF-8"?>
<testng-results skipped="0" failed="0" total="1" passed="1">
  <reporter-output>
  </reporter-output>
  <suite name="Default suite" duration-ms="28" started-at="2018-04-18T10:36:32Z" finished-at="2018-04-18T10:36:32Z">
    <groups>
    </groups>
    <test name="Default test" duration-ms="28" started-at="2018-04-18T10:36:32Z" finished-at="2018-04-18T10:36:32Z">
      <class name="test.git.demo">
        <test-method status="PASS" signature="det()[pri:0, instance:test.git.demo@61a485d2]" name="det" duration-ms="9" started-at="2018-04-18T16:06:32Z" finished-at="2018-04-18T16:06:32Z">
          <reporter-output>
          </reporter-output>
        </test-method> <!-- det -->
      </class> <!-- test.git.demo -->
    </test> <!-- Default test -->
  </suite> <!-- Default suite -->
</testng-results>
